<?xml version="1.0" encoding="UTF-8"?>
<!-- Generated by org.testng.reporters.JUnitReportReporter -->
<testsuite hostname="LAPTOP-39HN3F3R" failures="0" tests="1" name="com.hrms.testscripts.TC002" time="26.436" errors="0" timestamp="2021-02-03T22:21:58 IST" skipped="0">
  <testcase classname="com.hrms.testscripts.TC002" name="tc002" time="26.436"/>
  <system-out>
Application opened Application closed  </system-out>
</testsuite> <!-- com.hrms.testscripts.TC002 -->
